***************************************************************************
*                       SPARC (version June 3, 2025)                      *
*   Copyright (c) 2020 Material Physics & Mechanics Group, Georgia Tech   *
*           Distributed under GNU General Public License 3 (GPL)          *
*                   Start time: Tue Jun 24 22:05:39 2025                  *
***************************************************************************
                           Input parameters                                
***************************************************************************
LATVEC_SCALE: 1 1 1 
LATVEC:
10.476107160011050 0.000000000000000 0.000000000000000 
5.238053580005530 9.072574933337620 0.000000000000000 
0.000000000000000 0.000000000000000 46.348228194320058 
FD_GRID: 30 30 133
FD_ORDER: 12
BC: P P D
KPOINT_GRID: 2 2 1
KPOINT_SHIFT: 0.5 0.5 0
SPIN_TYP: 0
ELEC_TEMP_TYPE: Gaussian
SMEARING: 0.007349864435
EXCHANGE_CORRELATION: GGA_PBE
HUBBARD_FLAG: 0
NSTATES: 141
CHEB_DEGREE: 25
CHEFSI_BOUND_FLAG: 0
RELAX_FLAG: 1
RELAX_METHOD: LBFGS
RELAX_NITER: 300
L_HISTORY: 20
L_FINIT_STP: 0.005
L_MAXMOV: 0.2
L_AUTOSCALE: 1
L_LINEOPT: 1
L_ICURV: 1
CALC_STRESS: 0
CALC_PRES: 0
TWTIME: 1E+09
RESTART_FLAG: 1
MAXIT_SCF: 100
MINIT_SCF: 2
MAXIT_POISSON: 3000
TOL_SCF: 1.00E-04
POISSON_SOLVER: AAR
TOL_POISSON: 1.00E-06
TOL_LANCZOS: 1.00E-02
TOL_PSEUDOCHARGE: 1.00E-07
MIXING_VARIABLE: density
MIXING_PRECOND: kerker
TOL_PRECOND: 1.22E-04
PRECOND_KERKER_KTF: 1
PRECOND_KERKER_THRESH: 0.1
MIXING_PARAMETER: 0.3
MIXING_HISTORY: 7
PULAY_FREQUENCY: 1
PULAY_RESTART: 0
REFERENCE_CUTOFF: 0.5
RHO_TRIGGER: 4
NUM_CHEFSI: 1
FIX_RAND: 0
VERBOSITY: 1
PRINT_FORCES: 1
PRINT_ATOMS: 1
PRINT_EIGEN: 0
PRINT_DENSITY: 0
PRINT_VELS: 1
PRINT_RESTART: 1
PRINT_RESTART_FQ: 1
PRINT_ENERGY_DENSITY: 0
TOL_RELAX: 5.00E-04
PRINT_RELAXOUT: 1
OUTPUT_FILE: Slab_ads
***************************************************************************
                                Cell                                       
***************************************************************************
Lattice vectors (Bohr):
10.476107160011050 0.000000000000000 0.000000000000000 
5.238053580005530 9.072574933337620 0.000000000000000 
0.000000000000000 0.000000000000000 46.348228194320058 
Volume: 4.4051797339E+03 (Bohr^3)
Density: 5.3868558002E-01 (amu/Bohr^3), 6.0364422304E+00 (g/cc)
***************************************************************************
                           Parallelization                                 
***************************************************************************
NP_SPIN_PARAL: 1
NP_KPOINT_PARAL: 2
NP_BAND_PARAL: 12
NP_DOMAIN_PARAL: 1 1 1
NP_DOMAIN_PHI_PARAL: 2 2 6
EIG_SERIAL_MAXNS: 1500
***************************************************************************
                             Initialization                                
***************************************************************************
Number of processors               :  24
Mesh spacing in x-direction        :  0.349204 (Bohr)
Mesh spacing in y-direction        :  0.349204 (Bohr)
Mesh spacing in z-direction        :  0.348483 (Bohr)
Number of symmetry adapted k-points:  2
Output printed to                  :  Slab_ads.out
Relax output printed to            :  Slab_ads.geopt
Total number of atom types         :  2
Total number of atoms              :  14
Total number of electrons          :  228
Atom type 1  (valence electrons)   :  O 6
Pseudopotential                    :  /ocean/projects/see220002p/shared/10th/sparc/SPARC/psps/08_O_6_1.2_1.4_pbe_n_v1.0.psp8
Atomic mass                        :  15.9994
Pseudocharge radii of atom type 1  :  8.03 8.03 8.02 (x, y, z dir)
Number of atoms of type 1          :  2
Atom type 2  (valence electrons)   :  Pt 18
Pseudopotential                    :  /ocean/projects/see220002p/shared/10th/sparc/SPARC/psps/78_Pt_18_2.2_2.4_pbe_n_v1.0.psp8
Atomic mass                        :  195.084
Pseudocharge radii of atom type 2  :  6.63 6.63 6.62 (x, y, z dir)
Number of atoms of type 2          :  12
Estimated total memory usage       :  3.65 GB
Estimated memory per processor     :  155.80 MB
===================================================================
                    Self Consistent Field (SCF#1)                     
===================================================================
Iteration     Free Energy (Ha/atom)   SCF Error        Timing (sec)
1            -1.1318959619E+02        6.905E-02        19.078
2            -1.1320112890E+02        7.474E-02        4.412
3            -1.1318033946E+02        4.293E-02        5.275
4            -1.1317207497E+02        2.546E-02        4.301
5            -1.1317020704E+02        1.328E-02        4.845
6            -1.1316986697E+02        9.110E-03        4.560
7            -1.1316972197E+02        5.124E-03        4.527
8            -1.1316970484E+02        3.074E-03        4.839
9            -1.1316969448E+02        1.276E-03        4.321
10           -1.1316969173E+02        7.243E-04        5.085
11           -1.1316969289E+02        3.019E-04        4.228
12           -1.1316969764E+02        2.249E-04        4.247
13           -1.1316969836E+02        1.049E-04        4.302
14           -1.1316969945E+02        1.088E-04        4.321
15           -1.1316970103E+02        6.752E-05        4.432
Total number of SCF: 15    
====================================================================
                    Energy and force calculation                    
====================================================================
Free energy per atom               : -1.1316970103E+02 (Ha/atom)
Total free energy                  : -1.5843758145E+03 (Ha)
Band structure energy              : -2.9472785526E+02 (Ha)
Exchange correlation energy        : -2.7806082153E+02 (Ha)
Self and correction energy         : -1.8896558541E+03 (Ha)
-Entropy*kb*T                      : -1.7850453790E-02 (Ha)
Fermi level                        : -2.1980727034E-01 (Ha)
RMS force                          :  1.5818683171E-02 (Ha/Bohr)
Maximum force                      :  6.4768989664E-02 (Ha/Bohr)
Time for force calculation         :  0.177 (sec)
Relax step time                    :  85.540 (sec)
===================================================================
                    Self Consistent Field (SCF#2)                     
===================================================================
Iteration     Free Energy (Ha/atom)   SCF Error        Timing (sec)
1            -1.1316985209E+02        3.726E-03        4.988
2            -1.1316996473E+02        7.897E-03        4.338
3            -1.1316975379E+02        2.405E-03        4.384
4            -1.1316973554E+02        1.230E-03        4.390
5            -1.1316972344E+02        4.346E-04        5.806
6            -1.1316972817E+02        2.694E-04        5.713
7            -1.1316972882E+02        1.346E-04        4.757
8            -1.1316972709E+02        6.687E-05        4.230
Total number of SCF: 8     
====================================================================
                    Energy and force calculation                    
====================================================================
Free energy per atom               : -1.1316972709E+02 (Ha/atom)
Total free energy                  : -1.5843761792E+03 (Ha)
Band structure energy              : -2.9486571032E+02 (Ha)
Exchange correlation energy        : -2.7805918923E+02 (Ha)
Self and correction energy         : -1.8896555426E+03 (Ha)
-Entropy*kb*T                      : -1.7860360697E-02 (Ha)
Fermi level                        : -2.2045961371E-01 (Ha)
RMS force                          :  1.5536354029E-02 (Ha/Bohr)
Maximum force                      :  6.2121767877E-02 (Ha/Bohr)
Time for force calculation         :  0.179 (sec)
Relax step time                    :  39.020 (sec)
===================================================================
                    Self Consistent Field (SCF#3)                     
===================================================================
Iteration     Free Energy (Ha/atom)   SCF Error        Timing (sec)
1            -1.1322073551E+02        6.930E-02        5.604
2            -1.1322473449E+02        8.539E-02        4.500
3            -1.1318178452E+02        3.837E-02        4.459
4            -1.1317440471E+02        2.054E-02        4.393
5            -1.1317122306E+02        1.229E-02        5.268
6            -1.1317049839E+02        7.608E-03        4.327
7            -1.1317026747E+02        2.194E-03        5.027
8            -1.1317025279E+02        1.529E-03        4.342
9            -1.1317024942E+02        8.463E-04        4.378
10           -1.1317024946E+02        4.395E-04        5.090
11           -1.1317025350E+02        2.567E-04        4.281
12           -1.1317025374E+02        2.799E-04        5.223
13           -1.1317025441E+02        1.054E-04        4.313
14           -1.1317025578E+02        1.177E-04        4.939
15           -1.1317025621E+02        6.307E-05        4.456
Total number of SCF: 15    
====================================================================
                    Energy and force calculation                    
====================================================================
Free energy per atom               : -1.1317025621E+02 (Ha/atom)
Total free energy                  : -1.5843835869E+03 (Ha)
Band structure energy              : -2.9510610894E+02 (Ha)
Exchange correlation energy        : -2.7803054631E+02 (Ha)
Self and correction energy         : -1.8896529795E+03 (Ha)
-Entropy*kb*T                      : -1.7776381242E-02 (Ha)
Fermi level                        : -2.2223319285E-01 (Ha)
RMS force                          :  1.0117912482E-02 (Ha/Bohr)
Maximum force                      :  3.3118053977E-02 (Ha/Bohr)
Time for force calculation         :  0.164 (sec)
Relax step time                    :  71.102 (sec)
===================================================================
                    Self Consistent Field (SCF#4)                     
===================================================================
Iteration     Free Energy (Ha/atom)   SCF Error        Timing (sec)
1            -1.1317109913E+02        4.093E-03        4.708
2            -1.1317123487E+02        6.344E-03        4.790
3            -1.1317114480E+02        3.147E-03        4.227
4            -1.1317113544E+02        2.295E-03        5.159
5            -1.1317112053E+02        7.255E-04        4.212
6            -1.1317112007E+02        3.303E-04        5.045
7            -1.1317112193E+02        2.078E-04        4.269
8            -1.1317112000E+02        1.208E-04        4.506
9            -1.1317111975E+02        7.791E-05        4.808
Total number of SCF: 9     
====================================================================
                    Energy and force calculation                    
====================================================================
Free energy per atom               : -1.1317111975E+02 (Ha/atom)
Total free energy                  : -1.5843956765E+03 (Ha)
Band structure energy              : -2.9549239001E+02 (Ha)
Exchange correlation energy        : -2.7801853840E+02 (Ha)
Self and correction energy         : -1.8896635473E+03 (Ha)
-Entropy*kb*T                      : -1.7438873303E-02 (Ha)
Fermi level                        : -2.2407867494E-01 (Ha)
RMS force                          :  2.9363140067E-03 (Ha/Bohr)
Maximum force                      :  1.0774798801E-02 (Ha/Bohr)
Time for force calculation         :  0.165 (sec)
Relax step time                    :  42.162 (sec)
===================================================================
                    Self Consistent Field (SCF#5)                     
===================================================================
Iteration     Free Energy (Ha/atom)   SCF Error        Timing (sec)
1            -1.1317116550E+02        8.345E-04        4.480
2            -1.1317116549E+02        1.065E-03        4.964
3            -1.1317116964E+02        5.384E-04        4.185
4            -1.1317116600E+02        3.648E-04        5.124
5            -1.1317116785E+02        1.579E-04        4.178
6            -1.1317116435E+02        7.816E-05        5.130
Total number of SCF: 6     
====================================================================
                    Energy and force calculation                    
====================================================================
Free energy per atom               : -1.1317116435E+02 (Ha/atom)
Total free energy                  : -1.5843963009E+03 (Ha)
Band structure energy              : -2.9545732466E+02 (Ha)
Exchange correlation energy        : -2.7801245975E+02 (Ha)
Self and correction energy         : -1.8896640432E+03 (Ha)
-Entropy*kb*T                      : -1.7343665174E-02 (Ha)
Fermi level                        : -2.2412846192E-01 (Ha)
RMS force                          :  2.1451343972E-03 (Ha/Bohr)
Maximum force                      :  6.7947179527E-03 (Ha/Bohr)
Time for force calculation         :  0.166 (sec)
Relax step time                    :  28.393 (sec)
===================================================================
                    Self Consistent Field (SCF#6)                     
===================================================================
Iteration     Free Energy (Ha/atom)   SCF Error        Timing (sec)
1            -1.1317113866E+02        8.475E-04        4.413
2            -1.1317114903E+02        1.402E-03        5.206
3            -1.1317113958E+02        5.119E-04        4.254
4            -1.1317114374E+02        4.467E-04        5.203
5            -1.1317114454E+02        2.008E-04        4.203
6            -1.1317114512E+02        1.008E-04        4.241
7            -1.1317114595E+02        3.641E-05        4.158
Total number of SCF: 7     
====================================================================
                    Energy and force calculation                    
====================================================================
Free energy per atom               : -1.1317114595E+02 (Ha/atom)
Total free energy                  : -1.5843960434E+03 (Ha)
Band structure energy              : -2.9543862560E+02 (Ha)
Exchange correlation energy        : -2.7800698073E+02 (Ha)
Self and correction energy         : -1.8896637471E+03 (Ha)
-Entropy*kb*T                      : -1.7220772116E-02 (Ha)
Fermi level                        : -2.2422243097E-01 (Ha)
RMS force                          :  2.3320050089E-03 (Ha/Bohr)
Maximum force                      :  1.0983662850E-02 (Ha/Bohr)
Time for force calculation         :  0.175 (sec)
Relax step time                    :  32.053 (sec)
===================================================================
                    Self Consistent Field (SCF#7)                     
===================================================================
Iteration     Free Energy (Ha/atom)   SCF Error        Timing (sec)
1            -1.1317114036E+02        2.845E-03        4.588
2            -1.1317139442E+02        7.738E-03        4.440
3            -1.1317119148E+02        1.289E-03        4.383
4            -1.1317119680E+02        8.537E-04        4.302
5            -1.1317120770E+02        4.742E-04        4.295
6            -1.1317120765E+02        1.907E-04        4.318
7            -1.1317120636E+02        7.206E-05        6.599
Total number of SCF: 7     
====================================================================
                    Energy and force calculation                    
====================================================================
Free energy per atom               : -1.1317120636E+02 (Ha/atom)
Total free energy                  : -1.5843968890E+03 (Ha)
Band structure energy              : -2.9555365024E+02 (Ha)
Exchange correlation energy        : -2.7799674171E+02 (Ha)
Self and correction energy         : -1.8896708337E+03 (Ha)
-Entropy*kb*T                      : -1.7000224625E-02 (Ha)
Fermi level                        : -2.2502016938E-01 (Ha)
RMS force                          :  3.2927375317E-03 (Ha/Bohr)
Maximum force                      :  1.3560013090E-02 (Ha/Bohr)
Time for force calculation         :  0.235 (sec)
Relax step time                    :  33.388 (sec)
===================================================================
                    Self Consistent Field (SCF#8)                     
===================================================================
Iteration     Free Energy (Ha/atom)   SCF Error        Timing (sec)
1            -1.1317136365E+02        1.682E-03        5.220
2            -1.1317141153E+02        3.311E-03        4.248
3            -1.1317138637E+02        9.982E-04        4.299
4            -1.1317138495E+02        7.181E-04        5.283
5            -1.1317138894E+02        2.354E-04        4.430
6            -1.1317138486E+02        1.514E-04        4.234
7            -1.1317138493E+02        9.258E-05        4.271
Total number of SCF: 7     
====================================================================
                    Energy and force calculation                    
====================================================================
Free energy per atom               : -1.1317138493E+02 (Ha/atom)
Total free energy                  : -1.5843993890E+03 (Ha)
Band structure energy              : -2.9556887862E+02 (Ha)
Exchange correlation energy        : -2.7799525824E+02 (Ha)
Self and correction energy         : -1.8896761421E+03 (Ha)
-Entropy*kb*T                      : -1.6975504540E-02 (Ha)
Fermi level                        : -2.2512661813E-01 (Ha)
RMS force                          :  2.3666465574E-03 (Ha/Bohr)
Maximum force                      :  1.1365329016E-02 (Ha/Bohr)
Time for force calculation         :  0.171 (sec)
Relax step time                    :  32.377 (sec)
===================================================================
                    Self Consistent Field (SCF#9)                     
===================================================================
Iteration     Free Energy (Ha/atom)   SCF Error        Timing (sec)
1            -1.1317135125E+02        4.882E-03        5.247
2            -1.1317150421E+02        5.820E-03        4.341
3            -1.1317145430E+02        3.486E-03        5.173
4            -1.1317144816E+02        3.021E-03        4.291
5            -1.1317142447E+02        1.086E-03        4.814
6            -1.1317142103E+02        3.708E-04        4.500
7            -1.1317142159E+02        2.387E-04        4.261
8            -1.1317142323E+02        2.470E-04        5.169
9            -1.1317142011E+02        7.198E-05        4.241
Total number of SCF: 9     
====================================================================
                    Energy and force calculation                    
====================================================================
Free energy per atom               : -1.1317142011E+02 (Ha/atom)
Total free energy                  : -1.5843998816E+03 (Ha)
Band structure energy              : -2.9520303356E+02 (Ha)
Exchange correlation energy        : -2.7802640855E+02 (Ha)
Self and correction energy         : -1.8896816283E+03 (Ha)
-Entropy*kb*T                      : -1.7176440226E-02 (Ha)
Fermi level                        : -2.2259674901E-01 (Ha)
RMS force                          :  1.1829829163E-02 (Ha/Bohr)
Maximum force                      :  7.9343574514E-02 (Ha/Bohr)
Time for force calculation         :  0.174 (sec)
Relax step time                    :  42.422 (sec)
===================================================================
                    Self Consistent Field (SCF#10)                     
===================================================================
Iteration     Free Energy (Ha/atom)   SCF Error        Timing (sec)
1            -1.1317161435E+02        6.655E-03        5.306
2            -1.1317170002E+02        8.120E-03        4.279
3            -1.1317161553E+02        4.896E-03        4.597
4            -1.1317162184E+02        5.277E-03        4.717
5            -1.1317155459E+02        1.681E-03        4.247
6            -1.1317155054E+02        6.987E-04        5.157
7            -1.1317154576E+02        3.460E-04        4.321
8            -1.1317154539E+02        3.336E-04        5.091
9            -1.1317154638E+02        2.045E-04        4.189
10           -1.1317154767E+02        6.747E-05        4.701
Total number of SCF: 10    
====================================================================
                    Energy and force calculation                    
====================================================================
Free energy per atom               : -1.1317154767E+02 (Ha/atom)
Total free energy                  : -1.5844016674E+03 (Ha)
Band structure energy              : -2.9606162659E+02 (Ha)
Exchange correlation energy        : -2.7796108059E+02 (Ha)
Self and correction energy         : -1.8896818837E+03 (Ha)
-Entropy*kb*T                      : -1.7235759933E-02 (Ha)
Fermi level                        : -2.2833236031E-01 (Ha)
RMS force                          :  7.6977994999E-03 (Ha/Bohr)
Maximum force                      :  5.5142811629E-02 (Ha/Bohr)
Time for force calculation         :  0.220 (sec)
Relax step time                    :  47.057 (sec)
===================================================================
                    Self Consistent Field (SCF#11)                     
===================================================================
Iteration     Free Energy (Ha/atom)   SCF Error        Timing (sec)
1            -1.1317174549E+02        5.646E-04        4.409
2            -1.1317175603E+02        3.905E-04        4.285
3            -1.1317175308E+02        3.479E-04        4.953
4            -1.1317175536E+02        1.594E-04        4.215
5            -1.1317175420E+02        5.251E-05        5.133
Total number of SCF: 5     
====================================================================
                    Energy and force calculation                    
====================================================================
Free energy per atom               : -1.1317175420E+02 (Ha/atom)
Total free energy                  : -1.5844045589E+03 (Ha)
Band structure energy              : -2.9587549555E+02 (Ha)
Exchange correlation energy        : -2.7798051672E+02 (Ha)
Self and correction energy         : -1.8896826563E+03 (Ha)
-Entropy*kb*T                      : -1.7198434853E-02 (Ha)
Fermi level                        : -2.2691421984E-01 (Ha)
RMS force                          :  4.6035157150E-03 (Ha/Bohr)
Maximum force                      :  2.5223853208E-02 (Ha/Bohr)
Time for force calculation         :  0.165 (sec)
Relax step time                    :  23.388 (sec)
===================================================================
                    Self Consistent Field (SCF#12)                     
===================================================================
Iteration     Free Energy (Ha/atom)   SCF Error        Timing (sec)
1            -1.1317158570E+02        7.565E-04        4.308
2            -1.1317159950E+02        4.968E-04        5.095
3            -1.1317160008E+02        3.530E-04        4.234
4            -1.1317160400E+02        3.284E-04        4.195
5            -1.1317160312E+02        1.422E-04        4.188
6            -1.1317160145E+02        5.715E-05        4.329
Total number of SCF: 6     
====================================================================
                    Energy and force calculation                    
====================================================================
Free energy per atom               : -1.1317160145E+02 (Ha/atom)
Total free energy                  : -1.5844024202E+03 (Ha)
Band structure energy              : -2.9521330844E+02 (Ha)
Exchange correlation energy        : -2.7801500093E+02 (Ha)
Self and correction energy         : -1.8896821488E+03 (Ha)
-Entropy*kb*T                      : -1.7126057813E-02 (Ha)
Fermi level                        : -2.2300390055E-01 (Ha)
RMS force                          :  6.3954111596E-03 (Ha/Bohr)
Maximum force                      :  4.1700271661E-02 (Ha/Bohr)
Time for force calculation         :  0.171 (sec)
Relax step time                    :  26.765 (sec)
===================================================================
                    Self Consistent Field (SCF#13)                     
===================================================================
Iteration     Free Energy (Ha/atom)   SCF Error        Timing (sec)
1            -1.1317176987E+02        2.869E-04        4.499
2            -1.1317178032E+02        2.452E-04        4.360
3            -1.1317177679E+02        1.552E-04        4.248
4            -1.1317177835E+02        9.039E-05        4.257
Total number of SCF: 4     
====================================================================
                    Energy and force calculation                    
====================================================================
Free energy per atom               : -1.1317177835E+02 (Ha/atom)
Total free energy                  : -1.5844048969E+03 (Ha)
Band structure energy              : -2.9542139735E+02 (Ha)
Exchange correlation energy        : -2.7799282727E+02 (Ha)
Self and correction energy         : -1.8896826991E+03 (Ha)
-Entropy*kb*T                      : -1.7155040123E-02 (Ha)
Fermi level                        : -2.2456185626E-01 (Ha)
RMS force                          :  1.9373051670E-03 (Ha/Bohr)
Maximum force                      :  8.5690675753E-03 (Ha/Bohr)
Time for force calculation         :  0.171 (sec)
Relax step time                    :  17.742 (sec)
===================================================================
                    Self Consistent Field (SCF#14)                     
===================================================================
Iteration     Free Energy (Ha/atom)   SCF Error        Timing (sec)
1            -1.1317176338E+02        2.268E-04        4.454
2            -1.1317176677E+02        7.516E-04        6.128
3            -1.1317176208E+02        2.317E-04        5.483
4            -1.1317176246E+02        1.365E-04        4.454
5            -1.1317176243E+02        3.557E-04        4.185
6            -1.1317176184E+02        2.439E-04        5.268
7            -1.1317176107E+02        1.652E-04        4.188
8            -1.1317176104E+02        6.352E-05        4.452
Total number of SCF: 8     
====================================================================
                    Energy and force calculation                    
====================================================================
Free energy per atom               : -1.1317176104E+02 (Ha/atom)
Total free energy                  : -1.5844046545E+03 (Ha)
Band structure energy              : -2.9540266078E+02 (Ha)
Exchange correlation energy        : -2.7799617879E+02 (Ha)
Self and correction energy         : -1.8896826477E+03 (Ha)
-Entropy*kb*T                      : -1.7149850944E-02 (Ha)
Fermi level                        : -2.2439097707E-01 (Ha)
RMS force                          :  1.2593618545E-03 (Ha/Bohr)
Maximum force                      :  3.6075412473E-03 (Ha/Bohr)
Time for force calculation         :  0.165 (sec)
Relax step time                    :  38.957 (sec)
===================================================================
                    Self Consistent Field (SCF#15)                     
===================================================================
Iteration     Free Energy (Ha/atom)   SCF Error        Timing (sec)
1            -1.1317174613E+02        2.190E-04        4.388
2            -1.1317174492E+02        5.019E-04        4.681
3            -1.1317174561E+02        1.140E-04        4.581
4            -1.1317174531E+02        6.908E-05        4.278
Total number of SCF: 4     
====================================================================
                    Energy and force calculation                    
====================================================================
Free energy per atom               : -1.1317174531E+02 (Ha/atom)
Total free energy                  : -1.5844044343E+03 (Ha)
Band structure energy              : -2.9531764077E+02 (Ha)
Exchange correlation energy        : -2.7799868477E+02 (Ha)
Self and correction energy         : -1.8896826174E+03 (Ha)
-Entropy*kb*T                      : -1.7122236297E-02 (Ha)
Fermi level                        : -2.2394100131E-01 (Ha)
RMS force                          :  1.0007755788E-03 (Ha/Bohr)
Maximum force                      :  3.9620155367E-03 (Ha/Bohr)
Time for force calculation         :  0.175 (sec)
Relax step time                    :  18.278 (sec)
===================================================================
                    Self Consistent Field (SCF#16)                     
===================================================================
Iteration     Free Energy (Ha/atom)   SCF Error        Timing (sec)
1            -1.1317174126E+02        2.790E-04        5.267
2            -1.1317174624E+02        7.836E-04        4.252
3            -1.1317174265E+02        1.271E-04        5.091
4            -1.1317174353E+02        1.370E-04        4.215
5            -1.1317174421E+02        7.520E-05        4.206
Total number of SCF: 5     
====================================================================
                    Energy and force calculation                    
====================================================================
Free energy per atom               : -1.1317174421E+02 (Ha/atom)
Total free energy                  : -1.5844044189E+03 (Ha)
Band structure energy              : -2.9529453225E+02 (Ha)
Exchange correlation energy        : -2.7799888969E+02 (Ha)
Self and correction energy         : -1.8896826611E+03 (Ha)
-Entropy*kb*T                      : -1.7084551083E-02 (Ha)
Fermi level                        : -2.2382241229E-01 (Ha)
RMS force                          :  7.5040781327E-04 (Ha/Bohr)
Maximum force                      :  3.7117337759E-03 (Ha/Bohr)
Time for force calculation         :  0.172 (sec)
Relax step time                    :  23.376 (sec)
===================================================================
                    Self Consistent Field (SCF#17)                     
===================================================================
Iteration     Free Energy (Ha/atom)   SCF Error        Timing (sec)
1            -1.1317170852E+02        1.057E-03        5.201
2            -1.1317175382E+02        3.490E-03        4.248
3            -1.1317170758E+02        2.205E-04        4.786
4            -1.1317171038E+02        1.587E-04        4.415
5            -1.1317170776E+02        6.030E-05        4.238
Total number of SCF: 5     
====================================================================
                    Energy and force calculation                    
====================================================================
Free energy per atom               : -1.1317170776E+02 (Ha/atom)
Total free energy                  : -1.5844039086E+03 (Ha)
Band structure energy              : -2.9532175446E+02 (Ha)
Exchange correlation energy        : -2.7799958403E+02 (Ha)
Self and correction energy         : -1.8896822902E+03 (Ha)
-Entropy*kb*T                      : -1.7025960326E-02 (Ha)
Fermi level                        : -2.2393533608E-01 (Ha)
RMS force                          :  5.4593629731E-04 (Ha/Bohr)
Maximum force                      :  1.7325683879E-03 (Ha/Bohr)
Time for force calculation         :  0.195 (sec)
Relax step time                    :  23.261 (sec)
===================================================================
                    Self Consistent Field (SCF#18)                     
===================================================================
Iteration     Free Energy (Ha/atom)   SCF Error        Timing (sec)
1            -1.1317165824E+02        1.830E-03        5.134
2            -1.1317179266E+02        6.317E-03        4.289
3            -1.1317165383E+02        2.530E-04        6.389
4            -1.1317165156E+02        1.989E-04        4.226
5            -1.1317165441E+02        7.186E-05        5.166
Total number of SCF: 5     
====================================================================
                    Energy and force calculation                    
====================================================================
Free energy per atom               : -1.1317165441E+02 (Ha/atom)
Total free energy                  : -1.5844031617E+03 (Ha)
Band structure energy              : -2.9537704513E+02 (Ha)
Exchange correlation energy        : -2.7800170529E+02 (Ha)
Self and correction energy         : -1.8896816155E+03 (Ha)
-Entropy*kb*T                      : -1.6952694040E-02 (Ha)
Fermi level                        : -2.2414957149E-01 (Ha)
RMS force                          :  6.9942103866E-04 (Ha/Bohr)
Maximum force                      :  2.4989269527E-03 (Ha/Bohr)
Time for force calculation         :  0.166 (sec)
Relax step time                    :  25.571 (sec)
===================================================================
                    Self Consistent Field (SCF#19)                     
===================================================================
Iteration     Free Energy (Ha/atom)   SCF Error        Timing (sec)
1            -1.1317166544E+02        6.400E-04        4.380
2            -1.1317166744E+02        7.125E-04        4.458
3            -1.1317166884E+02        4.664E-04        4.793
4            -1.1317167072E+02        2.371E-04        4.225
5            -1.1317167042E+02        6.957E-05        5.110
Total number of SCF: 5     
====================================================================
                    Energy and force calculation                    
====================================================================
Free energy per atom               : -1.1317167042E+02 (Ha/atom)
Total free energy                  : -1.5844033859E+03 (Ha)
Band structure energy              : -2.9538084281E+02 (Ha)
Exchange correlation energy        : -2.7800183877E+02 (Ha)
Self and correction energy         : -1.8896817796E+03 (Ha)
-Entropy*kb*T                      : -1.6921803079E-02 (Ha)
Fermi level                        : -2.2417601282E-01 (Ha)
RMS force                          :  3.9370432749E-04 (Ha/Bohr)
Maximum force                      :  1.4498177905E-03 (Ha/Bohr)
Time for force calculation         :  0.165 (sec)
Relax step time                    :  23.278 (sec)
===================================================================
                    Self Consistent Field (SCF#20)                     
===================================================================
Iteration     Free Energy (Ha/atom)   SCF Error        Timing (sec)
1            -1.1317171219E+02        6.485E-04        4.384
2            -1.1317172118E+02        7.024E-04        5.183
3            -1.1317171623E+02        3.257E-04        4.281
4            -1.1317171864E+02        2.830E-04        5.206
5            -1.1317171607E+02        7.032E-05        4.254
Total number of SCF: 5     
====================================================================
                    Energy and force calculation                    
====================================================================
Free energy per atom               : -1.1317171607E+02 (Ha/atom)
Total free energy                  : -1.5844040250E+03 (Ha)
Band structure energy              : -2.9535652141E+02 (Ha)
Exchange correlation energy        : -2.7799856561E+02 (Ha)
Self and correction energy         : -1.8896827542E+03 (Ha)
-Entropy*kb*T                      : -1.6913182060E-02 (Ha)
Fermi level                        : -2.2417336096E-01 (Ha)
RMS force                          :  2.9062403398E-04 (Ha/Bohr)
Maximum force                      :  1.1098097502E-03 (Ha/Bohr)
Time for force calculation         :  0.178 (sec)
Relax step time                    :  23.632 (sec)
===================================================================
                    Self Consistent Field (SCF#21)                     
===================================================================
Iteration     Free Energy (Ha/atom)   SCF Error        Timing (sec)
1            -1.1317173221E+02        2.356E-04        5.276
2            -1.1317173124E+02        1.547E-04        4.183
3            -1.1317173284E+02        1.079E-04        4.343
4            -1.1317173192E+02        3.125E-05        4.189
Total number of SCF: 4     
====================================================================
                    Energy and force calculation                    
====================================================================
Free energy per atom               : -1.1317173192E+02 (Ha/atom)
Total free energy                  : -1.5844042469E+03 (Ha)
Band structure energy              : -2.9535148252E+02 (Ha)
Exchange correlation energy        : -2.7799913129E+02 (Ha)
Self and correction energy         : -1.8896829261E+03 (Ha)
-Entropy*kb*T                      : -1.6911880721E-02 (Ha)
Fermi level                        : -2.2414130128E-01 (Ha)
RMS force                          :  2.6282758519E-04 (Ha/Bohr)
Maximum force                      :  8.3350348873E-04 (Ha/Bohr)
Time for force calculation         :  0.247 (sec)
Relax step time                    :  18.408 (sec)
===================================================================
                    Self Consistent Field (SCF#22)                     
===================================================================
Iteration     Free Energy (Ha/atom)   SCF Error        Timing (sec)
1            -1.1317171873E+02        1.264E-04        4.486
2            -1.1317171855E+02        9.739E-05        7.515
Total number of SCF: 2     
====================================================================
                    Energy and force calculation                    
====================================================================
Free energy per atom               : -1.1317171855E+02 (Ha/atom)
Total free energy                  : -1.5844040596E+03 (Ha)
Band structure energy              : -2.9535173287E+02 (Ha)
Exchange correlation energy        : -2.7799958717E+02 (Ha)
Self and correction energy         : -1.8896826948E+03 (Ha)
-Entropy*kb*T                      : -1.6899015303E-02 (Ha)
Fermi level                        : -2.2412365045E-01 (Ha)
RMS force                          :  2.0997485327E-04 (Ha/Bohr)
Maximum force                      :  9.5387615844E-04 (Ha/Bohr)
Time for force calculation         :  0.167 (sec)
Relax step time                    :  16.345 (sec)
===================================================================
                    Self Consistent Field (SCF#23)                     
===================================================================
Iteration     Free Energy (Ha/atom)   SCF Error        Timing (sec)
1            -1.1317171153E+02        2.731E-04        5.394
2            -1.1317171097E+02        1.817E-04        4.492
3            -1.1317171015E+02        1.245E-04        6.910
4            -1.1317170996E+02        3.959E-05        4.498
Total number of SCF: 4     
====================================================================
                    Energy and force calculation                    
====================================================================
Free energy per atom               : -1.1317170996E+02 (Ha/atom)
Total free energy                  : -1.5844039395E+03 (Ha)
Band structure energy              : -2.9534890828E+02 (Ha)
Exchange correlation energy        : -2.7799960123E+02 (Ha)
Self and correction energy         : -1.8896826151E+03 (Ha)
-Entropy*kb*T                      : -1.6887401269E-02 (Ha)
Fermi level                        : -2.2412349096E-01 (Ha)
RMS force                          :  2.8544270223E-04 (Ha/Bohr)
Maximum force                      :  1.0935467893E-03 (Ha/Bohr)
Time for force calculation         :  0.197 (sec)
Relax step time                    :  21.612 (sec)
===================================================================
                    Self Consistent Field (SCF#24)                     
===================================================================
Iteration     Free Energy (Ha/atom)   SCF Error        Timing (sec)
1            -1.1317171337E+02        1.498E-04        4.767
2            -1.1317171361E+02        1.086E-04        4.309
3            -1.1317171293E+02        7.083E-05        4.939
Total number of SCF: 3     
====================================================================
                    Energy and force calculation                    
====================================================================
Free energy per atom               : -1.1317171293E+02 (Ha/atom)
Total free energy                  : -1.5844039811E+03 (Ha)
Band structure energy              : -2.9534591356E+02 (Ha)
Exchange correlation energy        : -2.7799992496E+02 (Ha)
Self and correction energy         : -1.8896825750E+03 (Ha)
-Entropy*kb*T                      : -1.6899023128E-02 (Ha)
Fermi level                        : -2.2409496874E-01 (Ha)
RMS force                          :  8.9652825493E-05 (Ha/Bohr)
Maximum force                      :  6.2200773701E-04 (Ha/Bohr)
Time for force calculation         :  0.217 (sec)
Relax step time                    :  14.364 (sec)
===================================================================
                    Self Consistent Field (SCF#25)                     
===================================================================
Iteration     Free Energy (Ha/atom)   SCF Error        Timing (sec)
1            -1.1317170349E+02        1.008E-04        4.421
2            -1.1317170438E+02        6.652E-05        4.448
Total number of SCF: 2     
====================================================================
                    Energy and force calculation                    
====================================================================
Free energy per atom               : -1.1317170438E+02 (Ha/atom)
Total free energy                  : -1.5844038613E+03 (Ha)
Band structure energy              : -2.9534385967E+02 (Ha)
Exchange correlation energy        : -2.7800052024E+02 (Ha)
Self and correction energy         : -1.8896824349E+03 (Ha)
-Entropy*kb*T                      : -1.6894536282E-02 (Ha)
Fermi level                        : -2.2407292333E-01 (Ha)
RMS force                          :  1.2001498752E-04 (Ha/Bohr)
Maximum force                      :  6.5484671700E-04 (Ha/Bohr)
Time for force calculation         :  0.175 (sec)
Relax step time                    :  9.149 (sec)
===================================================================
                    Self Consistent Field (SCF#26)                     
===================================================================
Iteration     Free Energy (Ha/atom)   SCF Error        Timing (sec)
1            -1.1317170632E+02        5.177E-05        4.299
2            -1.1317170542E+02        3.580E-05        4.650
Total number of SCF: 2     
====================================================================
                    Energy and force calculation                    
====================================================================
Free energy per atom               : -1.1317170542E+02 (Ha/atom)
Total free energy                  : -1.5844038759E+03 (Ha)
Band structure energy              : -2.9534174285E+02 (Ha)
Exchange correlation energy        : -2.7800034419E+02 (Ha)
Self and correction energy         : -1.8896825015E+03 (Ha)
-Entropy*kb*T                      : -1.6896746652E-02 (Ha)
Fermi level                        : -2.2406806284E-01 (Ha)
RMS force                          :  7.2012157666E-05 (Ha/Bohr)
Maximum force                      :  3.8647598042E-04 (Ha/Bohr)
Time for force calculation         :  0.218 (sec)
Relax step time                    :  9.267 (sec)
***************************************************************************
                               Timing info                                 
***************************************************************************
Total walltime                     :  786.980 sec
___________________________________________________________________________

***************************************************************************
*             Material Physics & Mechanics Group, Georgia Tech            *
*                       PI: Phanish Suryanarayana                         *
*               List of contributors: See the documentation               *
*         Citation: See README.md or the documentation for details        *
*  Acknowledgements: U.S. DOE SC (DE-SC0019410), U.S. DOE NNSA (ASC)      *
*      {Preliminary developments: U.S. NSF (1333500,1663244,1553212)}     *
***************************************************************************
                                                                           
