/jet/home/bhowmiks/10th_workshop_QM_MM_AIMD/03_wednesday/Adsorption_calc/Slab_ads

fchrg = 4.00000000 > 0.0 (icmod != 0)
This pseudopotential contains non-linear core correction. 

fchrg = 4.000000, READING MODEL CORE CHARGE!


fchrg = 5.00000000 > 0.0 (icmod != 0)
This pseudopotential contains non-linear core correction. 

fchrg = 5.000000, READING MODEL CORE CHARGE!

WARNING: The density after mixing has negative components!
WARNING: The density after mixing has negative components!
WARNING: The density after mixing has negative components!
WARNING: The density after mixing has negative components!
WARNING: The density after mixing has negative components!
WARNING: The density after mixing has negative components!
WARNING: The density after mixing has negative components!
WARNING: The density after mixing has negative components!
WARNING: The density after mixing has negative components!
WARNING: The density after mixing has negative components!
WARNING: The density after mixing has negative components!
WARNING: The density after mixing has negative components!
WARNING: The density after mixing has negative components!
WARNING: The density after mixing has negative components!
WARNING: The density after mixing has negative components!
WARNING: The density after mixing has negative components!
WARNING: The density after mixing has negative components!
WARNING: The density after mixing has negative components!
WARNING: The density after mixing has negative components!
WARNING: The density after mixing has negative components!
WARNING: The density after mixing has negative components!
WARNING: The density after mixing has negative components!
WARNING: The density after mixing has negative components!
WARNING: The density after mixing has negative components!
WARNING: The density after mixing has negative components!
WARNING: The density after mixing has negative components!
WARNING: The density after mixing has negative components!
WARNING: The density after mixing has negative components!
WARNING: The density after mixing has negative components!
WARNING: The density after mixing has negative components!
WARNING: The density after mixing has negative components!
WARNING: The density after mixing has negative components!
WARNING: The density after mixing has negative components!
WARNING: The density after mixing has negative components!
WARNING: The density after mixing has negative components!
WARNING: The density after mixing has negative components!
WARNING: The density after mixing has negative components!
WARNING: The density after mixing has negative components!
WARNING: The density after mixing has negative components!
WARNING: The density after mixing has negative components!
WARNING: The density after mixing has negative components!
WARNING: The density after mixing has negative components!
WARNING: The density after mixing has negative components!
WARNING: The density after mixing has negative components!
WARNING: The density after mixing has negative components!
WARNING: The density after mixing has negative components!
WARNING: The density after mixing has negative components!
WARNING: The density after mixing has negative components!
WARNING: The density after mixing has negative components!
WARNING: The density after mixing has negative components!
WARNING: The density after mixing has negative components!
WARNING: The density after mixing has negative components!
WARNING: The density after mixing has negative components!
WARNING: The density after mixing has negative components!
WARNING: The density after mixing has negative components!
WARNING: The density after mixing has negative components!
WARNING: The density after mixing has negative components!
WARNING: The density after mixing has negative components!
WARNING: The density after mixing has negative components!
WARNING: The density after mixing has negative components!
WARNING: The density after mixing has negative components!
WARNING: The density after mixing has negative components!
WARNING: The density after mixing has negative components!
WARNING: The density after mixing has negative components!
WARNING: The density after mixing has negative components!
WARNING: The density after mixing has negative components!
WARNING: The density after mixing has negative components!
WARNING: The density after mixing has negative components!
WARNING: The density after mixing has negative components!
WARNING: The density after mixing has negative components!
WARNING: The density after mixing has negative components!
WARNING: The density after mixing has negative components!
WARNING: The density after mixing has negative components!
WARNING: The density after mixing has negative components!
WARNING: The density after mixing has negative components!
WARNING: The density after mixing has negative components!
WARNING: The density after mixing has negative components!
WARNING: The density after mixing has negative components!
WARNING: The density after mixing has negative components!
WARNING: The density after mixing has negative components!
WARNING: The density after mixing has negative components!
WARNING: The density after mixing has negative components!
WARNING: The density after mixing has negative components!
WARNING: The density after mixing has negative components!
WARNING: The density after mixing has negative components!
WARNING: The density after mixing has negative components!
WARNING: The density after mixing has negative components!
WARNING: The density after mixing has negative components!
WARNING: The density after mixing has negative components!
WARNING: The density after mixing has negative components!
WARNING: The density after mixing has negative components!
WARNING: The density after mixing has negative components!
WARNING: The density after mixing has negative components!
WARNING: The density after mixing has negative components!
WARNING: The density after mixing has negative components!
WARNING: The density after mixing has negative components!
WARNING: The density after mixing has negative components!
WARNING: The density after mixing has negative components!
WARNING: The density after mixing has negative components!
WARNING: The density after mixing has negative components!
WARNING: The density after mixing has negative components!
WARNING: The density after mixing has negative components!
WARNING: The density after mixing has negative components!
WARNING: The density after mixing has negative components!
WARNING: The density after mixing has negative components!
WARNING: The density after mixing has negative components!
WARNING: The density after mixing has negative components!
WARNING: The density after mixing has negative components!
WARNING: The density after mixing has negative components!
The program took 786.981 s.
